<?xml version="1.0" encoding="UTF-8"?>
<!-- Generated by org.testng.reporters.JUnitReportReporter -->
<testsuite hostname="Aryabhatta-PC" name="main.Main1" tests="1" failures="0" timestamp="17 Sep 2017 16:48:21 GMT" time="23.756" errors="0">
  <testcase name="active" time="23.756" classname="main.Main1"/>
</testsuite> <!-- main.Main1 -->
